<?xml version="1.0" encoding="UTF-8"?>
<robot generator="Robot 7.3.2 (Python 3.12.3 on win32)" generated="2025-11-20T15:57:12.835638" rpa="false" schemaversion="5">
<suite id="s1" name="Test" source="D:\SoftwareTesting\Tests\test.robot">
<kw name="Open Browser To DemoBlaze" type="SETUP">
<kw name="Open Browser" owner="SeleniumLibrary">
<msg time="2025-11-20T15:57:13.017554" level="FAIL">Variable '${CAPS}' not found.</msg>
<arg>${URL}</arg>
<arg>${browser}</arg>
<arg>remote_url=${REMOTE_URL}</arg>
<arg>desired_capabilities=${CAPS}</arg>
<doc>Opens a new browser instance to the optional ``url``.</doc>
<status status="FAIL" start="2025-11-20T15:57:13.016516" elapsed="0.001038">Variable '${CAPS}' not found.</status>
</kw>
<status status="FAIL" start="2025-11-20T15:57:13.016516" elapsed="0.001038">Variable '${CAPS}' not found.</status>
</kw>
<test id="s1-t1" name="Sign Up" line="42">
<status status="FAIL" start="2025-11-20T15:57:13.017554" elapsed="0.001001">Parent suite setup failed:
Variable '${CAPS}' not found.</status>
</test>
<test id="s1-t2" name="Log In" line="50">
<status status="FAIL" start="2025-11-20T15:57:13.018555" elapsed="0.000000">Parent suite setup failed:
Variable '${CAPS}' not found.</status>
</test>
<test id="s1-t3" name="Buy Product" line="59">
<status status="FAIL" start="2025-11-20T15:57:13.019663" elapsed="0.000000">Parent suite setup failed:
Variable '${CAPS}' not found.</status>
</test>
<test id="s1-t4" name="Place Order" line="70">
<status status="FAIL" start="2025-11-20T15:57:13.019663" elapsed="0.001189">Parent suite setup failed:
Variable '${CAPS}' not found.</status>
</test>
<test id="s1-t5" name="Log Out" line="86">
<status status="FAIL" start="2025-11-20T15:57:13.020852" elapsed="0.000000">Parent suite setup failed:
Variable '${CAPS}' not found.</status>
</test>
<kw name="Close Browser Session" type="TEARDOWN">
<kw name="Close Browser" owner="SeleniumLibrary">
<doc>Closes the current browser.</doc>
<status status="PASS" start="2025-11-20T15:57:13.020852" elapsed="0.000000"/>
</kw>
<status status="PASS" start="2025-11-20T15:57:13.020852" elapsed="0.000000"/>
</kw>
<status status="FAIL" start="2025-11-20T15:57:12.837639" elapsed="0.185113">Suite setup failed:
Variable '${CAPS}' not found.</status>
</suite>
<statistics>
<total>
<stat pass="0" fail="5" skip="0">All Tests</stat>
</total>
<tag>
</tag>
<suite>
<stat name="Test" id="s1" pass="0" fail="5" skip="0">Test</stat>
</suite>
</statistics>
<errors>
</errors>
</robot>
